{
  "stats": {
    "suites": 1,
    "tests": 3,
    "passes": 3,
    "pending": 0,
    "failures": 0,
    "start": "2025-08-13T13:28:00.515Z",
    "end": "2025-08-13T13:28:03.325Z",
    "duration": 2810,
    "testsRegistered": 3,
    "passPercent": 100,
    "pendingPercent": 0,
    "other": 0,
    "hasOther": false,
    "skipped": 0,
    "hasSkipped": false
  },
  "results": [
    {
      "uuid": "e4696be7-f679-4dd9-afca-2770d407e26c",
      "title": "",
      "fullFile": "C:\\Users\\1139\\Desktop\\Tugas Sesi 11 - Web UI Automation Advance Part 2\\tests\\sauceDemo.test.js",
      "file": "\\tests\\sauceDemo.test.js",
      "beforeHooks": [],
      "afterHooks": [],
      "tests": [],
      "suites": [
        {
          "uuid": "ca9b8c89-a6a8-4395-9e0c-321b37b3228f",
          "title": "Sauce Demo - POM + Visual Testing",
          "fullFile": "C:\\Users\\1139\\Desktop\\Tugas Sesi 11 - Web UI Automation Advance Part 2\\tests\\sauceDemo.test.js",
          "file": "\\tests\\sauceDemo.test.js",
          "beforeHooks": [
            {
              "title": "\"before all\" hook in \"Sauce Demo - POM + Visual Testing\"",
              "fullTitle": "Sauce Demo - POM + Visual Testing \"before all\" hook in \"Sauce Demo - POM + Visual Testing\"",
              "timedOut": false,
              "duration": 1059,
              "state": null,
              "speed": null,
              "pass": false,
              "fail": false,
              "pending": false,
              "context": null,
              "code": "const options = new chrome.Options();\noptions.addArguments('--headless', '--window-size=1920,1080');\ndriver = await new Builder().forBrowser('chrome').setChromeOptions(options).build();\n// // Set ukuran viewport agar visual testing konsisten\nawait driver.manage().window().setRect({ width: 1366, height: 768 });\nloginPage = new LoginPage(driver);\nproductsPage = new ProductsPage(driver);",
              "err": {},
              "uuid": "799a4491-91dc-4987-9ecf-d174badf6f64",
              "parentUUID": "ca9b8c89-a6a8-4395-9e0c-321b37b3228f",
              "isHook": true,
              "skipped": false
            }
          ],
          "afterHooks": [
            {
              "title": "\"after all\" hook in \"Sauce Demo - POM + Visual Testing\"",
              "fullTitle": "Sauce Demo - POM + Visual Testing \"after all\" hook in \"Sauce Demo - POM + Visual Testing\"",
              "timedOut": false,
              "duration": 149,
              "state": null,
              "speed": null,
              "pass": false,
              "fail": false,
              "pending": false,
              "context": null,
              "code": "await driver.quit();",
              "err": {},
              "uuid": "717735af-b0b6-410b-9e1f-fbef7c0762b6",
              "parentUUID": "ca9b8c89-a6a8-4395-9e0c-321b37b3228f",
              "isHook": true,
              "skipped": false
            }
          ],
          "tests": [
            {
              "title": "Visual Testing - Halaman Login",
              "fullTitle": "Sauce Demo - POM + Visual Testing Visual Testing - Halaman Login",
              "timedOut": false,
              "duration": 1135,
              "state": "passed",
              "speed": "slow",
              "pass": true,
              "fail": false,
              "pending": false,
              "context": null,
              "code": "await loginPage.open();\nconst logoElement = await loginPage.getLoginLogo();\nconst baselinePath = path.join(__dirname, '../baselines/login_logo.png');\nconst currentPath = path.join(__dirname, '../output/login_logo_current.png');\nconst diffPath = path.join(__dirname, '../output/login_logo_diff.png');\nconst result = await compareScreenshot(driver, logoElement, baselinePath, currentPath, diffPath);\nif (!result.baselineCreated) {\n    assert.strictEqual(result.mismatch, 0, `Visual mismatch: ${result.mismatch} pixel berbeda`);\n}",
              "err": {},
              "uuid": "5d90de9f-4b34-40e8-915d-f53425780607",
              "parentUUID": "ca9b8c89-a6a8-4395-9e0c-321b37b3228f",
              "isHook": false,
              "skipped": false
            },
            {
              "title": "User berhasil login",
              "fullTitle": "Sauce Demo - POM + Visual Testing User berhasil login",
              "timedOut": false,
              "duration": 280,
              "state": "passed",
              "speed": "slow",
              "pass": true,
              "fail": false,
              "pending": false,
              "context": null,
              "code": "await loginPage.login('standard_user', 'secret_sauce');\nconst title = await productsPage.getTitle();\nassert.strictEqual(title, 'Products');",
              "err": {},
              "uuid": "c8307ce9-d7b8-49f9-bc6a-aa53e2db1efd",
              "parentUUID": "ca9b8c89-a6a8-4395-9e0c-321b37b3228f",
              "isHook": false,
              "skipped": false
            },
            {
              "title": "User berhasil sort produk A-Z",
              "fullTitle": "Sauce Demo - POM + Visual Testing User berhasil sort produk A-Z",
              "timedOut": false,
              "duration": 180,
              "state": "passed",
              "speed": "slow",
              "pass": true,
              "fail": false,
              "pending": false,
              "context": null,
              "code": "await productsPage.sortByNameAsc();\nconst productNames = await productsPage.getAllProductNames();\nconst sortedNames = [...productNames].sort();\nassert.deepStrictEqual(productNames, sortedNames);",
              "err": {},
              "uuid": "66158fd3-51d3-4fef-a358-acc034ed2e1a",
              "parentUUID": "ca9b8c89-a6a8-4395-9e0c-321b37b3228f",
              "isHook": false,
              "skipped": false
            }
          ],
          "suites": [],
          "passes": [
            "5d90de9f-4b34-40e8-915d-f53425780607",
            "c8307ce9-d7b8-49f9-bc6a-aa53e2db1efd",
            "66158fd3-51d3-4fef-a358-acc034ed2e1a"
          ],
          "failures": [],
          "pending": [],
          "skipped": [],
          "duration": 1595,
          "root": false,
          "rootEmpty": false,
          "_timeout": 60000
        }
      ],
      "passes": [],
      "failures": [],
      "pending": [],
      "skipped": [],
      "duration": 0,
      "root": true,
      "rootEmpty": true,
      "_timeout": 60000
    }
  ],
  "meta": {
    "mocha": {
      "version": "11.7.1"
    },
    "mochawesome": {
      "options": {
        "quiet": false,
        "reportFilename": "mochawesome",
        "saveHtml": true,
        "saveJson": true,
        "consoleReporter": "spec",
        "useInlineDiffs": false,
        "code": true
      },
      "version": "7.1.3"
    },
    "marge": {
      "options": null,
      "version": "6.2.0"
    }
  }
}